Performing C SOURCE FILE Test CMAKE_HAVE_LIBC_PTHREAD failed with the following output:
Change Dir: /home/test/ConfigFileParser/build-ConfigFileParser-Desktop_Qt_5_14_0_GCC_64bit-Debug/CMakeFiles/CMakeTmp

Run Build Command(s):/usr/bin/make cmTC_77ddf/fast && /usr/bin/make -f CMakeFiles/cmTC_77ddf.dir/build.make CMakeFiles/cmTC_77ddf.dir/build
make[1]: Entering directory '/home/test/ConfigFileParser/build-ConfigFileParser-Desktop_Qt_5_14_0_GCC_64bit-Debug/CMakeFiles/CMakeTmp'
Building C object CMakeFiles/cmTC_77ddf.dir/src.c.o
/usr/bin/gcc   -DCMAKE_HAVE_LIBC_PTHREAD   -o CMakeFiles/cmTC_77ddf.dir/src.c.o   -c /home/test/ConfigFileParser/build-ConfigFileParser-Desktop_Qt_5_14_0_GCC_64bit-Debug/CMakeFiles/CMakeTmp/src.c
Linking C executable cmTC_77ddf
/usr/bin/cmake -E cmake_link_script CMakeFiles/cmTC_77ddf.dir/link.txt --verbose=1
/usr/bin/gcc  -DCMAKE_HAVE_LIBC_PTHREAD    CMakeFiles/cmTC_77ddf.dir/src.c.o  -o cmTC_77ddf 
/usr/bin/ld: CMakeFiles/cmTC_77ddf.dir/src.c.o: in function `main':
src.c:(.text+0x46): undefined reference to `pthread_create'
/usr/bin/ld: src.c:(.text+0x52): undefined reference to `pthread_detach'
/usr/bin/ld: src.c:(.text+0x63): undefined reference to `pthread_join'
collect2: error: ld returned 1 exit status
make[1]: *** [CMakeFiles/cmTC_77ddf.dir/build.make:87: cmTC_77ddf] Error 1
make[1]: Leaving directory '/home/test/ConfigFileParser/build-ConfigFileParser-Desktop_Qt_5_14_0_GCC_64bit-Debug/CMakeFiles/CMakeTmp'
make: *** [Makefile:121: cmTC_77ddf/fast] Error 2


Source file was:
#include <pthread.h>

void* test_func(void* data)
{
  return data;
}

int main(void)
{
  pthread_t thread;
  pthread_create(&thread, NULL, test_func, NULL);
  pthread_detach(thread);
  pthread_join(thread, NULL);
  pthread_atfork(NULL, NULL, NULL);
  pthread_exit(NULL);

  return 0;
}

Determining if the function pthread_create exists in the pthreads failed with the following output:
Change Dir: /home/test/ConfigFileParser/build-ConfigFileParser-Desktop_Qt_5_14_0_GCC_64bit-Debug/CMakeFiles/CMakeTmp

Run Build Command(s):/usr/bin/make cmTC_faf8e/fast && /usr/bin/make -f CMakeFiles/cmTC_faf8e.dir/build.make CMakeFiles/cmTC_faf8e.dir/build
make[1]: Entering directory '/home/test/ConfigFileParser/build-ConfigFileParser-Desktop_Qt_5_14_0_GCC_64bit-Debug/CMakeFiles/CMakeTmp'
Building C object CMakeFiles/cmTC_faf8e.dir/CheckFunctionExists.c.o
/usr/bin/gcc   -DCHECK_FUNCTION_EXISTS=pthread_create   -o CMakeFiles/cmTC_faf8e.dir/CheckFunctionExists.c.o   -c /usr/share/cmake-3.16/Modules/CheckFunctionExists.c
Linking C executable cmTC_faf8e
/usr/bin/cmake -E cmake_link_script CMakeFiles/cmTC_faf8e.dir/link.txt --verbose=1
/usr/bin/gcc  -DCHECK_FUNCTION_EXISTS=pthread_create    CMakeFiles/cmTC_faf8e.dir/CheckFunctionExists.c.o  -o cmTC_faf8e  -lpthreads 
/usr/bin/ld: cannot find -lpthreads
collect2: error: ld returned 1 exit status
make[1]: *** [CMakeFiles/cmTC_faf8e.dir/build.make:87: cmTC_faf8e] Error 1
make[1]: Leaving directory '/home/test/ConfigFileParser/build-ConfigFileParser-Desktop_Qt_5_14_0_GCC_64bit-Debug/CMakeFiles/CMakeTmp'
make: *** [Makefile:121: cmTC_faf8e/fast] Error 2



